<?xml version="1.0" encoding="UTF-8"?>
<!-- Generated by org.testng.reporters.JUnitReportReporter -->
<testsuite hostname="LAPTOP-DLCP2JCN" failures="0" tests="1" name="com.seleniumtests.Reportwithdatetime" time="12.057" errors="0" timestamp="2023-09-01T17:59:52 IST" skipped="0">
  <testcase classname="com.seleniumtests.Reportwithdatetime" name="testValidWebsiteURL" time="12.057"/>
</testsuite> <!-- com.seleniumtests.Reportwithdatetime -->
