<?xml version="1.0" encoding="UTF-8"?>
<!-- Generated by org.testng.reporters.JUnitReportReporter -->
<testsuite hostname="LAPTOP-DLCP2JCN" failures="0" tests="3" name="com.seleniumtests.Awer" time="36.365" errors="0" timestamp="2023-09-01T18:40:25 IST" skipped="0">
  <testcase classname="com.seleniumtests.Awer" name="testURLWithQueryString" time="11.891"/>
  <testcase classname="com.seleniumtests.Awer" name="testValidWebsiteURL" time="17.548"/>
  <testcase classname="com.seleniumtests.Awer" name="testInvalidWebsiteURL" time="6.926"/>
</testsuite> <!-- com.seleniumtests.Awer -->
