<?xml version="1.0" encoding="UTF-8"?>
<!-- Generated by org.testng.reporters.JUnitReportReporter -->
<testsuite hostname="LAPTOP-DLCP2JCN" failures="0" tests="1" name="com.seleniumtests.WebsiteTest" time="13.077" errors="0" timestamp="2023-09-01T10:36:38 IST" skipped="0">
  <testcase classname="com.seleniumtests.WebsiteTest" name="launchWebsite" time="13.077"/>
</testsuite> <!-- com.seleniumtests.WebsiteTest -->
