<?xml version="1.0" encoding="UTF-8"?>
<!-- Generated by org.testng.reporters.JUnitReportReporter -->
<testsuite hostname="LAPTOP-DLCP2JCN" failures="0" tests="3" name="com.seleniumtests.WebsiteURLReports" time="28.605" errors="0" timestamp="2023-09-01T17:40:34 IST" skipped="0">
  <testcase classname="com.seleniumtests.WebsiteURLReports" name="testURLWithQueryString" time="8.435"/>
  <testcase classname="com.seleniumtests.WebsiteURLReports" name="testValidWebsiteURL" time="11.265"/>
  <testcase classname="com.seleniumtests.WebsiteURLReports" name="testInvalidWebsiteURL" time="8.905"/>
</testsuite> <!-- com.seleniumtests.WebsiteURLReports -->
