<?xml version="1.0" encoding="UTF-8"?>
<!-- Generated by org.testng.reporters.JUnitReportReporter -->
<testsuite hostname="LAPTOP-DLCP2JCN" failures="0" tests="1" name="newpack.WebsiteTest" time="11.865" errors="0" timestamp="2023-09-01T10:18:27 IST" skipped="0">
  <testcase classname="newpack.WebsiteTest" name="launchWebsite" time="11.865"/>
</testsuite> <!-- newpack.WebsiteTest -->
